<?xml version="1.0" encoding="UTF-8"?>
<testsuite name="com.swaglabs.runners.LoginRunner" tests="0" skipped="0" failures="0" errors="0" timestamp="1970-01-01T00:00:00" hostname="DESKTOP-1HPI52K" time="0.0">
  <properties/>
  <system-out><![CDATA[08:41:19.705 [Test worker] INFO io.cucumber.core.plugin.SerenityReporter - Running feature from file:///C:/Users/Ambiente%20321/IdeaProjects/s_prueba/s_prueba/src/test/resources/features/login.feature
08:41:19.813 [Test worker] INFO  - 

-------------------------------------------------------------------------------------
     _______. _______ .______       _______ .__   __.  __  .___________.____    ____ 
    /       ||   ____||   _  \     |   ____||  \ |  | |  | |           |\   \  /   / 
   |   (----`|  |__   |  |_)  |    |  |__   |   \|  | |  | `---|  |----` \   \/   /  
    \   \    |   __|  |      /     |   __|  |  . `  | |  |     |  |       \_    _/   
.----)   |   |  |____ |  |\  \----.|  |____ |  |\   | |  |     |  |         |  |     
|_______/    |_______|| _| `._____||_______||__| \__| |__|     |__|         |__|    
                                                                                     
 News and tutorials at http://www.serenity-bdd.info                                  
 Documentation at https://wakaleo.gitbooks.io/the-serenity-book/content/             
 Join the Serenity Community on Gitter: https://gitter.im/serenity-bdd/serenity-core 
 Serenity BDD Support and Training at http://serenity-bdd.info/#/trainingandsupport  
-------------------------------------------------------------------------------------

08:41:19.815 [Test worker] DEBUG net.thucydides.core.steps.StepEventBus - Test suite started for story net.thucydides.core.model.Story@30e20327
08:41:19.817 [Test worker] INFO  - Test Suite Started: as a user of the swaglabs application
08:41:19.827 [Test worker] INFO io.cucumber.core.plugin.SerenityReporter - Running feature from file:///C:/Users/Ambiente%20321/IdeaProjects/s_prueba/s_prueba/src/test/resources/features/login.feature
08:41:19.829 [Test worker] DEBUG net.thucydides.core.steps.StepEventBus - Test suite started for story net.thucydides.core.model.Story@30e20327
08:41:19.830 [Test worker] INFO  - Test Suite Started: as a user of the swaglabs application
08:41:31.646 [Test worker] DEBUG net.thucydides.core.reports.ReportService - Reporting formats: [JSON, HTML]
08:41:31.693 [Test worker] DEBUG net.thucydides.core.reports.ReportService - Reporting formats: [JSON, HTML]
08:41:31.698 [Test worker] DEBUG net.thucydides.core.reports.ReportService - Generating reports for 1 test outcomes using: net.thucydides.core.reports.json.JSONTestOutcomeReporter@d95150c
08:41:31.698 [pool-1-thread-1] DEBUG net.thucydides.core.reports.ReportService - Processing test outcome as a user of the swaglabs application:login successful
08:41:31.698 [pool-1-thread-1] DEBUG net.thucydides.core.reports.ReportService - net.thucydides.core.reports.json.JSONTestOutcomeReporter@d95150c: Generating report for test outcome: as a user of the swaglabs application:login successful
08:41:31.700 [pool-1-thread-1] DEBUG net.thucydides.core.reports.json.JSONTestOutcomeReporter - Generating JSON report for login successful to file C:\Users\Ambiente 321\IdeaProjects\s_prueba\s_prueba\target\site\serenity\8ccacb25dc4ea2df435517b55cbe422240d36c329a42795abb2a5e70257b5c2a.json (using temp file C:\Users\Ambiente 321\IdeaProjects\s_prueba\s_prueba\target\site\serenity\8ccacb25dc4ea2df435517b55cbe422240d36c329a42795abb2a5e70257b5c2a.json9d8c5cb7-8aca-4ff7-995a-398f2704010c)
08:41:31.719 [pool-1-thread-1] DEBUG net.thucydides.core.reports.ReportService - Processing test outcome as a user of the swaglabs application:login successful done
08:41:31.719 [Test worker] DEBUG net.thucydides.core.reports.ReportService - Shutting down executor service
08:41:31.719 [Test worker] DEBUG net.thucydides.core.reports.ReportService - Reports generated in: 21 ms
08:41:31.719 [Test worker] DEBUG net.thucydides.core.reports.ReportService - Generating reports for 1 test outcomes using: net.thucydides.core.reports.html.HtmlAcceptanceTestReporter@3a5b73cb
08:41:31.719 [pool-2-thread-1] DEBUG net.thucydides.core.reports.ReportService - Processing test outcome as a user of the swaglabs application:login successful
08:41:31.719 [pool-2-thread-1] DEBUG net.thucydides.core.reports.ReportService - net.thucydides.core.reports.html.HtmlAcceptanceTestReporter@3a5b73cb: Generating report for test outcome: as a user of the swaglabs application:login successful
08:41:32.216 [pool-2-thread-1] DEBUG net.thucydides.core.reports.ReportService - Processing test outcome as a user of the swaglabs application:login successful done
08:41:32.216 [Test worker] DEBUG net.thucydides.core.reports.ReportService - Shutting down executor service
08:41:32.216 [Test worker] DEBUG net.thucydides.core.reports.ReportService - Reports generated in: 497 ms
08:41:32.276 [Test worker] DEBUG net.serenitybdd.core.photography.Darkroom - Closing darkroom
08:41:32.276 [Darkroom Processing Line] DEBUG net.serenitybdd.core.photography.DarkroomProcessingLine - Darkroom processing line shutting down
08:41:32.278 [Test worker] DEBUG net.serenitybdd.core.photography.Darkroom - Closing darkroom
]]></system-out>
  <system-err><![CDATA[]]></system-err>
</testsuite>
